2025-12-05 16:28:03,205 [INFO] === \u0417\u0430\u043f\u0443\u0441\u043a \u0441\u043a\u0440\u0438\u043f\u0442\u0430 main.py (\u0417\u0430\u0434\u0430\u043d\u0438\u0435 1) ===
2025-12-05 16:28:03,206 [INFO] \u041f\u0440\u043e\u0432\u0435\u0440\u0435\u043d\u0430/\u0441\u043e\u0437\u0434\u0430\u043d\u0430 \u0434\u0438\u0440\u0435\u043a\u0442\u043e\u0440\u0438\u044f: C:\file_master_dz\data
2025-12-05 16:28:03,207 [INFO] \u041f\u0440\u043e\u0432\u0435\u0440\u0435\u043d\u0430/\u0441\u043e\u0437\u0434\u0430\u043d\u0430 \u0434\u0438\u0440\u0435\u043a\u0442\u043e\u0440\u0438\u044f: C:\file_master_dz\data\raw
2025-12-05 16:28:03,207 [INFO] \u041f\u0440\u043e\u0432\u0435\u0440\u0435\u043d\u0430/\u0441\u043e\u0437\u0434\u0430\u043d\u0430 \u0434\u0438\u0440\u0435\u043a\u0442\u043e\u0440\u0438\u044f: C:\file_master_dz\data\processed
2025-12-05 16:28:03,208 [INFO] \u041f\u0440\u043e\u0432\u0435\u0440\u0435\u043d\u0430/\u0441\u043e\u0437\u0434\u0430\u043d\u0430 \u0434\u0438\u0440\u0435\u043a\u0442\u043e\u0440\u0438\u044f: C:\file_master_dz\logs
2025-12-05 16:28:03,208 [INFO] \u041f\u0440\u043e\u0432\u0435\u0440\u0435\u043d\u0430/\u0441\u043e\u0437\u0434\u0430\u043d\u0430 \u0434\u0438\u0440\u0435\u043a\u0442\u043e\u0440\u0438\u044f: C:\file_master_dz\backups
2025-12-05 16:28:03,209 [INFO] \u041f\u0440\u043e\u0432\u0435\u0440\u0435\u043d\u0430/\u0441\u043e\u0437\u0434\u0430\u043d\u0430 \u0434\u0438\u0440\u0435\u043a\u0442\u043e\u0440\u0438\u044f: C:\file_master_dz\output
2025-12-05 16:28:03,209 [INFO] \u0421\u043e\u0437\u0434\u0430\u043d \u0444\u0430\u0439\u043b (UTF-8): C:\file_master_dz\data\raw\file_utf8.txt
2025-12-05 16:28:03,211 [INFO] \u0421\u043e\u0437\u0434\u0430\u043d \u0444\u0430\u0439\u043b (ISO-8859-1): C:\file_master_dz\data\raw\file_latin1.txt
2025-12-05 16:28:03,241 [INFO] \u0421\u043e\u0437\u0434\u0430\u043d \u0444\u0430\u0439\u043b (cp1251): C:\file_master_dz\data\raw\file_cp1251.txt
2025-12-05 16:28:03,241 [INFO] \u0421\u0442\u0440\u0443\u043a\u0442\u0443\u0440\u0430 \u043f\u0440\u043e\u0435\u043a\u0442\u0430 \u0438 \u043f\u0440\u0438\u043c\u0435\u0440\u043d\u044b\u0435 \u0444\u0430\u0439\u043b\u044b \u0441\u043e\u0437\u0434\u0430\u043d\u044b \u0443\u0441\u043f\u0435\u0448\u043d\u043e.
2025-12-05 16:35:29,708 [INFO] \u2714 \u041e\u0431\u0440\u0430\u0431\u043e\u0442\u0430\u043d \u0444\u0430\u0439\u043b file_cp1251.txt \u2192 file_cp1251_processed.txt
2025-12-05 16:35:29,725 [INFO] \u2714 \u041e\u0431\u0440\u0430\u0431\u043e\u0442\u0430\u043d \u0444\u0430\u0439\u043b file_latin1.txt \u2192 file_latin1_processed.txt
2025-12-05 16:35:29,738 [INFO] \u2714 \u041e\u0431\u0440\u0430\u0431\u043e\u0442\u0430\u043d \u0444\u0430\u0439\u043b file_utf8.txt \u2192 file_utf8_processed.txt
2025-12-05 16:36:08,973 [INFO] \u2714 \u041e\u0431\u0440\u0430\u0431\u043e\u0442\u0430\u043d \u0444\u0430\u0439\u043b file_cp1251.txt \u2192 file_cp1251_processed.txt
2025-12-05 16:36:08,973 [INFO] \u2714 \u041e\u0431\u0440\u0430\u0431\u043e\u0442\u0430\u043d \u0444\u0430\u0439\u043b file_latin1.txt \u2192 file_latin1_processed.txt
2025-12-05 16:36:08,974 [INFO] \u2714 \u041e\u0431\u0440\u0430\u0431\u043e\u0442\u0430\u043d \u0444\u0430\u0439\u043b file_utf8.txt \u2192 file_utf8_processed.txt
2025-12-05 16:40:11,730 [INFO] \U0001f4e6 \u0421\u043e\u0437\u0434\u0430\u043d \u0430\u0440\u0445\u0438\u0432: C:\file_master_dz\backups\backup_20251205.zip
2025-12-05 16:43:19,571 [INFO]  \u0410\u0440\u0445\u0438\u0432 \u0432\u043e\u0441\u0441\u0442\u0430\u043d\u043e\u0432\u043b\u0435\u043d: backup_20251205.zip
2025-12-05 16:47:21,127 [INFO] \U0001f4c4 \u0414\u043e\u0431\u0430\u0432\u043b\u0435\u043d \u0432 JSON: file_cp1251_processed.txt
2025-12-05 16:47:21,127 [INFO] \U0001f4c4 \u0414\u043e\u0431\u0430\u0432\u043b\u0435\u043d \u0432 JSON: file_latin1_processed.txt
2025-12-05 16:47:21,127 [INFO] \U0001f4c4 \u0414\u043e\u0431\u0430\u0432\u043b\u0435\u043d \u0432 JSON: file_utf8_processed.txt
2025-12-05 16:50:09,869 [INFO] \U0001f4c4 \u0414\u043e\u0431\u0430\u0432\u043b\u0435\u043d \u0432 JSON: file_cp1251_processed.txt
2025-12-05 16:50:09,870 [INFO] \U0001f4c4 \u0414\u043e\u0431\u0430\u0432\u043b\u0435\u043d \u0432 JSON: file_latin1_processed.txt
2025-12-05 16:50:09,870 [INFO] \U0001f4c4 \u0414\u043e\u0431\u0430\u0432\u043b\u0435\u043d \u0432 JSON: file_utf8_processed.txt
2025-12-05 17:02:45,379 [INFO] \U0001f4c4 \u0414\u043e\u0431\u0430\u0432\u043b\u0435\u043d \u0432 JSON: file_cp1251_processed.txt
2025-12-05 17:02:45,379 [INFO] \U0001f4c4 \u0414\u043e\u0431\u0430\u0432\u043b\u0435\u043d \u0432 JSON: file_latin1_processed.txt
2025-12-05 17:02:45,380 [INFO] \U0001f4c4 \u0414\u043e\u0431\u0430\u0432\u043b\u0435\u043d \u0432 JSON: file_utf8_processed.txt
2025-12-05 17:02:45,407 [INFO] JSON fileinfo_data.json \u043f\u0440\u043e\u0448\u0451\u043b \u0432\u0430\u043b\u0438\u0434\u0430\u0446\u0438\u044e \u043f\u043e JSON Schema.
